0 verbose cli C:\Program Files\nodejs\node.exe C:\Program Files\nodejs\node_modules\npm\bin\npm-cli.js
1 info using npm@10.9.4
2 info using node@v22.22.1
3 silly config load:file:C:\Program Files\nodejs\node_modules\npm\npmrc
4 silly config load:file:D:\3-vue\vue-cropper-next\.npmrc
5 silly config load:file:C:\Users\user\.npmrc
6 silly config load:file:C:\Users\user\AppData\Roaming\npm\etc\npmrc
7 verbose title npm pack
8 verbose argv "pack" "--dry-run" "--cache" ".npm-cache"
9 verbose logfile logs-max:10 dir:D:\3-vue\vue-cropper-next\.npm-cache\_logs\2026-04-14T06_33_07_065Z-
10 verbose logfile D:\3-vue\vue-cropper-next\.npm-cache\_logs\2026-04-14T06_33_07_065Z-debug-0.log
11 silly logfile done cleaning log files
12 http fetch GET https://registry.npmjs.org/npm attempt 1 failed with ECONNREFUSED
13 silly packumentCache heap:4345298944 maxSize:1086324736 maxEntrySize:543162368
14 verbose stack Error: EPERM: operation not permitted, unlink 'D:\3-vue\vue-cropper-next\.npm-cache\_cacache\tmp\a268458a'
15 error code EPERM
16 error syscall unlink
17 error path D:\3-vue\vue-cropper-next\.npm-cache\_cacache\tmp\a268458a
18 error errno -4048
19 error [Error: EPERM: operation not permitted, unlink 'D:\3-vue\vue-cropper-next\.npm-cache\_cacache\tmp\a268458a'] {
19 error   errno: -4048,
19 error   code: 'EPERM',
19 error   syscall: 'unlink',
19 error   path: 'D:\\3-vue\\vue-cropper-next\\.npm-cache\\_cacache\\tmp\\a268458a'
19 error }
20 error
20 error The operation was rejected by your operating system.
20 error It's possible that the file was already in use (by a text editor or antivirus),
20 error or that you lack permissions to access it.
20 error
20 error If you believe this might be a permissions issue, please double-check the
20 error permissions of the file and its containing directories, or try running
20 error the command again as root/Administrator.
21 verbose cwd D:\3-vue\vue-cropper-next
22 verbose os Windows_NT 10.0.26200
23 verbose node v22.22.1
24 verbose npm  v10.9.4
25 verbose exit -4048
26 verbose code -4048
27 error A complete log of this run can be found in: D:\3-vue\vue-cropper-next\.npm-cache\_logs\2026-04-14T06_33_07_065Z-debug-0.log
